<?xml version="1.0" encoding="UTF-8"?>
<TestRun id="08218874-7bc8-40d0-a2a4-39378cb8de70" name="nickolay.lototskiy@N-LOTOTSKIY 2014-06-21 16:49:04" runUser="DO\nickolay.lototskiy" xmlns="http://microsoft.com/schemas/VisualStudio/TeamTest/2010">
  <TestSettings name="Default Test Settings" id="61006799-2c91-4d3b-b519-7134e300424a">
    <Execution>
      <TestTypeSpecific />
      <AgentRule name="Execution Agents">
      </AgentRule>
    </Execution>
    <Deployment runDeploymentRoot="nickolay.lototskiy_N-LOTOTSKIY 2014-06-21 16_49_04" />
  </TestSettings>
  <Times creation="2014-06-21T16:49:04.8816480+03:00" queuing="2014-06-21T16:49:05.3846480+03:00" start="2014-06-21T16:49:05.4416480+03:00" finish="2014-06-21T16:49:05.7036480+03:00" />
  <ResultSummary outcome="Completed">
    <Counters total="1" executed="1" passed="1" error="0" failed="0" timeout="0" aborted="0" inconclusive="0" passedButRunAborted="0" notRunnable="0" notExecuted="0" disconnected="0" warning="0" completed="0" inProgress="0" pending="0" />
  </ResultSummary>
  <TestDefinitions>
    <UnitTest name="SumTwoPositiveNumbersTest" storage="mstest.unittest.dll" id="e2db52cd-6fd5-d03e-2d29-2b97a0207728">
      <Execution id="8af4e2fe-bb21-464a-84ab-3e65af1cf77f" />
      <TestMethod codeBase="C:/Users/nickolay.lototskiy/Dropbox/Documents/book/Solution1/MSTest.UnitTest/bin/Debug/MSTest.UnitTest.dll" adapterTypeName="Microsoft.VisualStudio.TestTools.TestTypes.Unit.UnitTestAdapter, Microsoft.VisualStudio.QualityTools.Tips.UnitTest.Adapter, Version=11.0.0.0, Culture=neutral, PublicKeyToken=b03f5f7f11d50a3a" className="MSTest.UnitTest.FirstTestSuite, MSTest.UnitTest, Version=1.0.0.0, Culture=neutral, PublicKeyToken=null" name="SumTwoPositiveNumbersTest" />
    </UnitTest>
  </TestDefinitions>
  <TestLists>
    <TestList name="Results Not in a List" id="8c84fa94-04c1-424b-9868-57a2d4851a1d" />
    <TestList name="All Loaded Results" id="19431567-8539-422a-85d7-44ee4e166bda" />
  </TestLists>
  <TestEntries>
    <TestEntry testId="e2db52cd-6fd5-d03e-2d29-2b97a0207728" executionId="8af4e2fe-bb21-464a-84ab-3e65af1cf77f" testListId="8c84fa94-04c1-424b-9868-57a2d4851a1d" />
  </TestEntries>
  <Results>
    <UnitTestResult executionId="8af4e2fe-bb21-464a-84ab-3e65af1cf77f" testId="e2db52cd-6fd5-d03e-2d29-2b97a0207728" testName="SumTwoPositiveNumbersTest" computerName="N-LOTOTSKIY" duration="00:00:00.0102161" startTime="2014-06-21T16:49:05.4606480+03:00" endTime="2014-06-21T16:49:05.6746480+03:00" testType="13cdc9d9-ddb5-4fa4-a97d-d965ccfc6d4b" outcome="Passed" testListId="8c84fa94-04c1-424b-9868-57a2d4851a1d" relativeResultsDirectory="8af4e2fe-bb21-464a-84ab-3e65af1cf77f">
    </UnitTestResult>
  </Results>
</TestRun>