<?xml version="1.0" encoding="UTF-8"?>
<TestRun id="0a9b354c-b72c-47f4-b42c-0bfd81b49019" name="nickolay.lototskiy@N-LOTOTSKIY 2014-06-21 17:03:46" runUser="DO\nickolay.lototskiy" xmlns="http://microsoft.com/schemas/VisualStudio/TeamTest/2010">
  <TestSettings name="Default Test Settings" id="61971921-07ed-4d26-ac93-665046eaf4d3">
    <Execution>
      <TestTypeSpecific />
      <AgentRule name="Execution Agents">
      </AgentRule>
    </Execution>
    <Deployment runDeploymentRoot="nickolay.lototskiy_N-LOTOTSKIY 2014-06-21 17_03_46" />
  </TestSettings>
  <Times creation="2014-06-21T17:03:46.1246480+03:00" queuing="2014-06-21T17:03:46.6496480+03:00" start="2014-06-21T17:03:46.7066480+03:00" finish="2014-06-21T17:03:46.9746480+03:00" />
  <ResultSummary outcome="Completed">
    <Counters total="1" executed="1" passed="1" error="0" failed="0" timeout="0" aborted="0" inconclusive="0" passedButRunAborted="0" notRunnable="0" notExecuted="0" disconnected="0" warning="0" completed="0" inProgress="0" pending="0" />
  </ResultSummary>
  <TestDefinitions>
    <UnitTest name="SumTwoPositiveNumbersTest" storage="mstest.unittest.dll" id="e2db52cd-6fd5-d03e-2d29-2b97a0207728">
      <Execution id="8c7667c6-2f0d-4424-8d31-72764c37f433" />
      <TestMethod codeBase="C:/Users/nickolay.lototskiy/Dropbox/Documents/book/Solution1/MSTest.UnitTest/bin/Debug/MSTest.UnitTest.dll" adapterTypeName="Microsoft.VisualStudio.TestTools.TestTypes.Unit.UnitTestAdapter, Microsoft.VisualStudio.QualityTools.Tips.UnitTest.Adapter, Version=11.0.0.0, Culture=neutral, PublicKeyToken=b03f5f7f11d50a3a" className="MSTest.UnitTest.FirstTestSuite, MSTest.UnitTest, Version=1.0.0.0, Culture=neutral, PublicKeyToken=null" name="SumTwoPositiveNumbersTest" />
    </UnitTest>
  </TestDefinitions>
  <TestLists>
    <TestList name="Results Not in a List" id="8c84fa94-04c1-424b-9868-57a2d4851a1d" />
    <TestList name="All Loaded Results" id="19431567-8539-422a-85d7-44ee4e166bda" />
  </TestLists>
  <TestEntries>
    <TestEntry testId="e2db52cd-6fd5-d03e-2d29-2b97a0207728" executionId="8c7667c6-2f0d-4424-8d31-72764c37f433" testListId="8c84fa94-04c1-424b-9868-57a2d4851a1d" />
  </TestEntries>
  <Results>
    <UnitTestResult executionId="8c7667c6-2f0d-4424-8d31-72764c37f433" testId="e2db52cd-6fd5-d03e-2d29-2b97a0207728" testName="SumTwoPositiveNumbersTest" computerName="N-LOTOTSKIY" duration="00:00:00.0101583" startTime="2014-06-21T17:03:46.7256480+03:00" endTime="2014-06-21T17:03:46.9466480+03:00" testType="13cdc9d9-ddb5-4fa4-a97d-d965ccfc6d4b" outcome="Passed" testListId="8c84fa94-04c1-424b-9868-57a2d4851a1d" relativeResultsDirectory="8c7667c6-2f0d-4424-8d31-72764c37f433">
    </UnitTestResult>
  </Results>
</TestRun>